npm ERR! code ERESOLVE
npm ERR! ERESOLVE could not resolve
npm ERR! 
npm ERR! While resolving: rollup-plugin-terser@7.0.2
npm ERR! Found: rollup@3.0.0
npm ERR! node_modules/rollup
npm ERR!   peerOptional rollup@"^2.68.0||^3.0.0" from @rollup/plugin-commonjs@24.1.0
npm ERR!   node_modules/@rollup/plugin-commonjs
npm ERR!     dev @rollup/plugin-commonjs@"24.1.0" from the root project
npm ERR!   peerOptional rollup@"^2.78.0||^3.0.0" from @rollup/plugin-node-resolve@15.0.2
npm ERR!   node_modules/@rollup/plugin-node-resolve
npm ERR!     dev @rollup/plugin-node-resolve@"15.0.2" from the root project
npm ERR!   5 more (@rollup/plugin-typescript, @rollup/pluginutils, ...)
npm ERR! 
npm ERR! Could not resolve dependency:
npm ERR! peer rollup@"^2.0.0" from rollup-plugin-terser@7.0.2
npm ERR! node_modules/rollup-plugin-terser
npm ERR!   dev rollup-plugin-terser@"7.0.2" from the root project
npm ERR! 
npm ERR! Conflicting peer dependency: rollup@2.79.1
npm ERR! node_modules/rollup
npm ERR!   peer rollup@"^2.0.0" from rollup-plugin-terser@7.0.2
npm ERR!   node_modules/rollup-plugin-terser
npm ERR!     dev rollup-plugin-terser@"7.0.2" from the root project
npm ERR! 
npm ERR! Fix the upstream dependency conflict, or retry
npm ERR! this command with --force or --legacy-peer-deps
npm ERR! to accept an incorrect (and potentially broken) dependency resolution.
npm ERR! 
npm ERR! 
npm ERR! For a full report see:
npm ERR! C:\Users\arodriguez\AppData\Local\npm-cache\_logs\2023-08-19T15_48_30_764Z-eresolve-report.txt

npm ERR! A complete log of this run can be found in: C:\Users\arodriguez\AppData\Local\npm-cache\_logs\2023-08-19T15_48_30_764Z-debug-0.log
